<?xml version="1.0" encoding="UTF-8"?>
<testng-results ignored="0" total="1" passed="1" failed="0" skipped="0">
  <reporter-output>
  </reporter-output>
  <suite started-at="2024-11-29T12:47:33 IST" name="Suite" finished-at="2024-11-29T12:48:47 IST" duration-ms="74097">
    <groups>
    </groups>
    <test started-at="2024-11-29T12:47:33 IST" name="Test" finished-at="2024-11-29T12:48:47 IST" duration-ms="74097">
      <class name="testCases.FBLoginTest">
        <test-method is-config="true" signature="setUP()[pri:0, instance:testCases.FBLoginTest@4c60d6e9]" started-at="2024-11-29T12:47:33 IST" name="setUP" finished-at="2024-11-29T12:47:36 IST" duration-ms="3389" status="PASS">
          <reporter-output>
          </reporter-output>
        </test-method> <!-- setUP -->
        <test-method signature="login()[pri:0, instance:testCases.FBLoginTest@4c60d6e9]" started-at="2024-11-29T12:47:36 IST" name="login" finished-at="2024-11-29T12:48:47 IST" duration-ms="70388" status="PASS">
          <reporter-output>
          </reporter-output>
        </test-method> <!-- login -->
        <test-method is-config="true" signature="tearDown()[pri:0, instance:testCases.FBLoginTest@4c60d6e9]" started-at="2024-11-29T12:48:47 IST" name="tearDown" finished-at="2024-11-29T12:48:47 IST" duration-ms="261" status="PASS">
          <reporter-output>
          </reporter-output>
        </test-method> <!-- tearDown -->
      </class> <!-- testCases.FBLoginTest -->
    </test> <!-- Test -->
  </suite> <!-- Suite -->
</testng-results>
